<?xml version="1.0" encoding="UTF-8"?>
<!-- Generated by org.testng.reporters.JUnitReportReporter -->
<testsuite hostname="Filipov-PC" failures="0" tests="6" name="gradjanibrzogbroda.backend.contoller.ZaposleniControllerTests" time="1.254" errors="0" timestamp="7 Dec 2021 22:44:58 GMT">
  <testcase classname="gradjanibrzogbroda.backend.contoller.ZaposleniControllerTests" name="testGetZaposleniById" time="0.034"/>
  <testcase classname="gradjanibrzogbroda.backend.contoller.ZaposleniControllerTests" name="testGetAllZaposleni" time="0.801"/>
  <testcase classname="gradjanibrzogbroda.backend.contoller.ZaposleniControllerTests" name="testDeleteZaposleni" time="0.069"/>
  <testcase classname="gradjanibrzogbroda.backend.contoller.ZaposleniControllerTests" name="testAddZaposleni" time="0.215"/>
  <testcase classname="gradjanibrzogbroda.backend.contoller.ZaposleniControllerTests" name="testUpdateZaposleni" time="0.035"/>
  <testcase classname="gradjanibrzogbroda.backend.contoller.ZaposleniControllerTests" name="testIzmeniPlatu" time="0.100"/>
</testsuite> <!-- gradjanibrzogbroda.backend.contoller.ZaposleniControllerTests -->
